2020-08-15 00:06:16,313 WARN com.example.demo.jwt.JwtTokenAuthorizationOncePerRequestFilter [http-nio-8080-exec-9] JWT TOKEN DOES NOT START WITH BEARER STRING
2020-08-15 00:06:16,884 DEBUG com.example.demo.jwt.JwtTokenAuthorizationOncePerRequestFilter [http-nio-8080-exec-9] JWT TOKEN USERNAME VALUE '{}'null
2020-08-15 00:06:21,338 DEBUG com.example.demo.jwt.JwtTokenAuthorizationOncePerRequestFilter [http-nio-8080-exec-10] JWT TOKEN USERNAME VALUE '{}'test
2020-08-15 00:06:21,373 DEBUG com.example.demo.aspect.TaskLoggingAspect [http-nio-8080-exec-10] Enter: com.example.demo.details.UserDetailsServiceImpl.loadUserByUsername() with argument[s] = [test]
2020-08-15 00:06:21,792 DEBUG com.example.demo.aspect.TaskLoggingAspect [http-nio-8080-exec-10] Exit: com.example.demo.details.UserDetailsServiceImpl.loadUserByUsername() with result = com.example.demo.details.UserDetailsImpl@ea3db61
2020-08-15 00:06:21,901 DEBUG com.example.demo.aspect.TaskLoggingAspect [http-nio-8080-exec-10] Enter: com.example.demo.controller.UserController.getAll() with argument[s] = [com.example.demo.controller.UserController]
2020-08-15 00:06:22,055 DEBUG com.example.demo.aspect.TaskLoggingAspect [http-nio-8080-exec-10] Enter: com.example.demo.service.UserService.getAll() with argument[s] = []
2020-08-15 00:06:23,170 DEBUG com.example.demo.aspect.TaskLoggingAspect [http-nio-8080-exec-10] Exit: com.example.demo.service.UserService.getAll() with result = [[!!!com.example.demo.model.User@2a616ab3=>java.lang.StackOverflowError:null!!!], [!!!com.example.demo.model.User@3d17fffa=>java.lang.StackOverflowError:null!!!], User{id=3, username='third user', password='password', firstName='Anton', lastName='Third last name', registrationDate=2020-08-14 00:00:00.0, email='yuratyschuk2@gmail.com', taskSet=[]}, [!!!com.example.demo.model.User@631234cd=>java.lang.StackOverflowError:null!!!], User{id=5, username='test1', password='$2a$10$UL0oHA21nLWCrUknMKamR.sstth5KgFA6qukhoNbRH4pKXPlLYDXO', firstName='test', lastName='test', registrationDate=2020-08-14 00:00:00.0, email='yuratyschuk1@gmail.com', taskSet=[]}]
2020-08-15 00:06:23,458 DEBUG com.example.demo.aspect.TaskLoggingAspect [http-nio-8080-exec-10] Exit: com.example.demo.controller.UserController.getAll() with result = [!!!org.springframework.http.ResponseEntity@bd0ed4e=>java.lang.StackOverflowError:null!!!]
2020-08-15 00:07:02,065 WARN com.example.demo.jwt.JwtTokenAuthorizationOncePerRequestFilter [http-nio-8080-exec-1] JWT TOKEN DOES NOT START WITH BEARER STRING
2020-08-15 00:07:02,066 DEBUG com.example.demo.jwt.JwtTokenAuthorizationOncePerRequestFilter [http-nio-8080-exec-1] JWT TOKEN USERNAME VALUE '{}'null
2020-08-15 00:11:13,698 INFO org.springframework.boot.StartupInfoLogger [main] Starting DemoApplication on DESKTOP-7GLQTMP with PID 14200 (D:\Projects\Java\demo\target\classes started by yurat in D:\Projects\Java\demo)
2020-08-15 00:11:13,702 DEBUG org.springframework.boot.StartupInfoLogger [main] Running with Spring Boot v2.3.1.RELEASE, Spring v5.2.7.RELEASE
2020-08-15 00:11:13,703 INFO org.springframework.boot.SpringApplication [main] No active profile set, falling back to default profiles: default
2020-08-15 00:11:15,248 INFO org.springframework.data.repository.config.RepositoryConfigurationDelegate [main] Bootstrapping Spring Data JPA repositories in DEFERRED mode.
2020-08-15 00:11:15,337 INFO org.springframework.data.repository.config.RepositoryConfigurationDelegate [main] Finished Spring Data repository scanning in 80ms. Found 4 JPA repository interfaces.
2020-08-15 00:11:16,814 INFO org.springframework.boot.web.embedded.tomcat.TomcatWebServer [main] Tomcat initialized with port(s): 8080 (http)
2020-08-15 00:11:16,824 INFO org.apache.juli.logging.DirectJDKLog [main] Initializing ProtocolHandler ["http-nio-8080"]
2020-08-15 00:11:16,825 INFO org.apache.juli.logging.DirectJDKLog [main] Starting service [Tomcat]
2020-08-15 00:11:16,826 INFO org.apache.juli.logging.DirectJDKLog [main] Starting Servlet engine: [Apache Tomcat/9.0.36]
2020-08-15 00:11:17,092 INFO org.apache.juli.logging.DirectJDKLog [main] Initializing Spring embedded WebApplicationContext
2020-08-15 00:11:17,093 INFO org.springframework.boot.web.servlet.context.ServletWebServerApplicationContext [main] Root WebApplicationContext: initialization completed in 3181 ms
2020-08-15 00:11:17,172 INFO com.zaxxer.hikari.HikariDataSource [main] HikariPool-1 - Starting...
2020-08-15 00:11:17,685 INFO com.zaxxer.hikari.HikariDataSource [main] HikariPool-1 - Start completed.
2020-08-15 00:11:17,697 INFO org.springframework.boot.autoconfigure.h2.H2ConsoleAutoConfiguration [main] H2 console available at '/h2-console'. Database available at 'jdbc:h2:mem:testDb'
2020-08-15 00:11:18,010 DEBUG org.springframework.web.filter.GenericFilterBean [main] Filter 'jwtTokenAuthorizationOncePerRequestFilter' configured for use
2020-08-15 00:11:18,186 INFO org.springframework.scheduling.concurrent.ExecutorConfigurationSupport [main] Initializing ExecutorService 'applicationTaskExecutor'
2020-08-15 00:11:18,211 INFO org.springframework.scheduling.concurrent.ExecutorConfigurationSupport [main] Initializing ExecutorService 'taskScheduler'
2020-08-15 00:11:18,335 INFO org.hibernate.jpa.internal.util.LogHelper [task-1] HHH000204: Processing PersistenceUnitInfo [name: default]
2020-08-15 00:11:18,444 WARN org.springframework.boot.autoconfigure.orm.jpa.JpaBaseConfiguration$JpaWebConfiguration [main] spring.jpa.open-in-view is enabled by default. Therefore, database queries may be performed during view rendering. Explicitly configure spring.jpa.open-in-view to disable this warning
2020-08-15 00:11:18,488 INFO org.hibernate.Version [task-1] HHH000412: Hibernate ORM core version 5.4.17.Final
2020-08-15 00:11:18,867 WARN org.springframework.context.support.AbstractApplicationContext [main] Exception encountered during context initialization - cancelling refresh attempt: org.springframework.beans.factory.BeanCreationException: Error creating bean with name 'kafkaProducerConfig': Injection of autowired dependencies failed; nested exception is java.lang.IllegalArgumentException: Could not resolve placeholder 'kafka.producer.id' in value "${kafka.producer.id}"
2020-08-15 00:11:18,868 INFO org.springframework.orm.jpa.AbstractEntityManagerFactoryBean [main] Closing JPA EntityManagerFactory for persistence unit 'default'
2020-08-15 00:11:18,922 INFO org.hibernate.annotations.common.reflection.java.JavaReflectionManager [task-1] HCANN000001: Hibernate Commons Annotations {5.1.0.Final}
2020-08-15 00:11:19,191 INFO org.hibernate.dialect.Dialect [task-1] HHH000400: Using dialect: org.hibernate.dialect.H2Dialect
2020-08-15 00:11:21,674 INFO org.hibernate.engine.transaction.jta.platform.internal.JtaPlatformInitiator [task-1] HHH000490: Using JtaPlatform implementation: [org.hibernate.engine.transaction.jta.platform.internal.NoJtaPlatform]
2020-08-15 00:11:21,689 INFO org.springframework.orm.jpa.AbstractEntityManagerFactoryBean [task-1] Initialized JPA EntityManagerFactory for persistence unit 'default'
2020-08-15 00:11:21,690 INFO org.hibernate.tool.schema.internal.SchemaDropperImpl$DelayedDropActionImpl [main] HHH000477: Starting delayed evictData of schema as part of SessionFactory shut-down'
2020-08-15 00:11:21,715 INFO org.springframework.scheduling.concurrent.ExecutorConfigurationSupport [main] Shutting down ExecutorService 'taskScheduler'
2020-08-15 00:11:21,716 INFO org.springframework.scheduling.concurrent.ExecutorConfigurationSupport [main] Shutting down ExecutorService 'applicationTaskExecutor'
2020-08-15 00:11:21,717 INFO com.zaxxer.hikari.HikariDataSource [main] HikariPool-1 - Shutdown initiated...
2020-08-15 00:11:21,725 INFO com.zaxxer.hikari.HikariDataSource [main] HikariPool-1 - Shutdown completed.
2020-08-15 00:11:21,728 INFO org.apache.juli.logging.DirectJDKLog [main] Stopping service [Tomcat]
2020-08-15 00:11:21,748 INFO org.springframework.boot.autoconfigure.logging.ConditionEvaluationReportLoggingListener [main] 

Error starting ApplicationContext. To display the conditions report re-run your application with 'debug' enabled.
2020-08-15 00:11:21,792 ERROR org.springframework.boot.SpringApplication [main] Application run failed
org.springframework.beans.factory.BeanCreationException: Error creating bean with name 'kafkaProducerConfig': Injection of autowired dependencies failed; nested exception is java.lang.IllegalArgumentException: Could not resolve placeholder 'kafka.producer.id' in value "${kafka.producer.id}"
	at org.springframework.beans.factory.annotation.AutowiredAnnotationBeanPostProcessor.postProcessProperties(AutowiredAnnotationBeanPostProcessor.java:405)
	at org.springframework.beans.factory.support.AbstractAutowireCapableBeanFactory.populateBean(AbstractAutowireCapableBeanFactory.java:1422)
	at org.springframework.beans.factory.support.AbstractAutowireCapableBeanFactory.doCreateBean(AbstractAutowireCapableBeanFactory.java:594)
	at org.springframework.beans.factory.support.AbstractAutowireCapableBeanFactory.createBean(AbstractAutowireCapableBeanFactory.java:517)
	at org.springframework.beans.factory.support.AbstractBeanFactory.lambda$doGetBean$0(AbstractBeanFactory.java:323)
	at org.springframework.beans.factory.support.DefaultSingletonBeanRegistry.getSingleton(DefaultSingletonBeanRegistry.java:226)
	at org.springframework.beans.factory.support.AbstractBeanFactory.doGetBean(AbstractBeanFactory.java:321)
	at org.springframework.beans.factory.support.AbstractBeanFactory.getBean(AbstractBeanFactory.java:202)
	at org.springframework.beans.factory.support.DefaultListableBeanFactory.preInstantiateSingletons(DefaultListableBeanFactory.java:893)
	at org.springframework.context.support.AbstractApplicationContext.finishBeanFactoryInitialization(AbstractApplicationContext.java:879)
	at org.springframework.context.support.AbstractApplicationContext.refresh(AbstractApplicationContext.java:551)
	at org.springframework.boot.web.servlet.context.ServletWebServerApplicationContext.refresh(ServletWebServerApplicationContext.java:143)
	at org.springframework.boot.SpringApplication.refresh(SpringApplication.java:758)
	at org.springframework.boot.SpringApplication.refresh(SpringApplication.java:750)
	at org.springframework.boot.SpringApplication.refreshContext(SpringApplication.java:397)
	at org.springframework.boot.SpringApplication.run(SpringApplication.java:315)
	at org.springframework.boot.SpringApplication.run(SpringApplication.java:1237)
	at org.springframework.boot.SpringApplication.run(SpringApplication.java:1226)
	at com.example.demo.DemoApplication.main(DemoApplication.java:14)
Caused by: java.lang.IllegalArgumentException: Could not resolve placeholder 'kafka.producer.id' in value "${kafka.producer.id}"
	at org.springframework.util.PropertyPlaceholderHelper.parseStringValue(PropertyPlaceholderHelper.java:178)
	at org.springframework.util.PropertyPlaceholderHelper.replacePlaceholders(PropertyPlaceholderHelper.java:124)
	at org.springframework.core.env.AbstractPropertyResolver.doResolvePlaceholders(AbstractPropertyResolver.java:239)
	at org.springframework.core.env.AbstractPropertyResolver.resolveRequiredPlaceholders(AbstractPropertyResolver.java:210)
	at org.springframework.context.support.PropertySourcesPlaceholderConfigurer.lambda$processProperties$0(PropertySourcesPlaceholderConfigurer.java:175)
	at org.springframework.beans.factory.support.AbstractBeanFactory.resolveEmbeddedValue(AbstractBeanFactory.java:912)
	at org.springframework.beans.factory.support.DefaultListableBeanFactory.doResolveDependency(DefaultListableBeanFactory.java:1245)
	at org.springframework.beans.factory.support.DefaultListableBeanFactory.resolveDependency(DefaultListableBeanFactory.java:1224)
	at org.springframework.beans.factory.annotation.AutowiredAnnotationBeanPostProcessor$AutowiredFieldElement.inject(AutowiredAnnotationBeanPostProcessor.java:640)
	at org.springframework.beans.factory.annotation.InjectionMetadata.inject(InjectionMetadata.java:130)
	at org.springframework.beans.factory.annotation.AutowiredAnnotationBeanPostProcessor.postProcessProperties(AutowiredAnnotationBeanPostProcessor.java:399)
	... 18 common frames omitted
2020-08-15 00:12:04,872 INFO org.springframework.boot.StartupInfoLogger [main] Starting DemoApplication on DESKTOP-7GLQTMP with PID 1932 (D:\Projects\Java\demo\target\classes started by yurat in D:\Projects\Java\demo)
2020-08-15 00:12:04,879 DEBUG org.springframework.boot.StartupInfoLogger [main] Running with Spring Boot v2.3.1.RELEASE, Spring v5.2.7.RELEASE
2020-08-15 00:12:04,881 INFO org.springframework.boot.SpringApplication [main] No active profile set, falling back to default profiles: default
2020-08-15 00:12:06,771 INFO org.springframework.data.repository.config.RepositoryConfigurationDelegate [main] Bootstrapping Spring Data JPA repositories in DEFERRED mode.
2020-08-15 00:12:06,889 INFO org.springframework.data.repository.config.RepositoryConfigurationDelegate [main] Finished Spring Data repository scanning in 104ms. Found 4 JPA repository interfaces.
2020-08-15 00:12:07,767 INFO org.springframework.boot.web.embedded.tomcat.TomcatWebServer [main] Tomcat initialized with port(s): 8080 (http)
2020-08-15 00:12:07,775 INFO org.apache.juli.logging.DirectJDKLog [main] Initializing ProtocolHandler ["http-nio-8080"]
2020-08-15 00:12:07,776 INFO org.apache.juli.logging.DirectJDKLog [main] Starting service [Tomcat]
2020-08-15 00:12:07,776 INFO org.apache.juli.logging.DirectJDKLog [main] Starting Servlet engine: [Apache Tomcat/9.0.36]
2020-08-15 00:12:07,950 INFO org.apache.juli.logging.DirectJDKLog [main] Initializing Spring embedded WebApplicationContext
2020-08-15 00:12:07,951 INFO org.springframework.boot.web.servlet.context.ServletWebServerApplicationContext [main] Root WebApplicationContext: initialization completed in 2969 ms
2020-08-15 00:12:08,008 INFO com.zaxxer.hikari.HikariDataSource [main] HikariPool-1 - Starting...
2020-08-15 00:12:08,266 INFO com.zaxxer.hikari.HikariDataSource [main] HikariPool-1 - Start completed.
2020-08-15 00:12:08,273 INFO org.springframework.boot.autoconfigure.h2.H2ConsoleAutoConfiguration [main] H2 console available at '/h2-console'. Database available at 'jdbc:h2:mem:testDb'
2020-08-15 00:12:08,422 DEBUG org.springframework.web.filter.GenericFilterBean [main] Filter 'jwtTokenAuthorizationOncePerRequestFilter' configured for use
2020-08-15 00:12:08,491 INFO org.springframework.scheduling.concurrent.ExecutorConfigurationSupport [main] Initializing ExecutorService 'applicationTaskExecutor'
2020-08-15 00:12:08,504 INFO org.springframework.scheduling.concurrent.ExecutorConfigurationSupport [main] Initializing ExecutorService 'taskScheduler'
2020-08-15 00:12:08,548 INFO org.hibernate.jpa.internal.util.LogHelper [task-1] HHH000204: Processing PersistenceUnitInfo [name: default]
2020-08-15 00:12:08,629 INFO org.hibernate.Version [task-1] HHH000412: Hibernate ORM core version 5.4.17.Final
2020-08-15 00:12:08,637 WARN org.springframework.boot.autoconfigure.orm.jpa.JpaBaseConfiguration$JpaWebConfiguration [main] spring.jpa.open-in-view is enabled by default. Therefore, database queries may be performed during view rendering. Explicitly configure spring.jpa.open-in-view to disable this warning
2020-08-15 00:12:08,960 INFO org.hibernate.annotations.common.reflection.java.JavaReflectionManager [task-1] HCANN000001: Hibernate Commons Annotations {5.1.0.Final}
2020-08-15 00:12:09,181 INFO org.hibernate.dialect.Dialect [task-1] HHH000400: Using dialect: org.hibernate.dialect.H2Dialect
2020-08-15 00:12:09,219 INFO org.springframework.security.web.DefaultSecurityFilterChain [main] Creating filter chain: Ant [pattern='/authenticate', POST], []
2020-08-15 00:12:09,219 INFO org.springframework.security.web.DefaultSecurityFilterChain [main] Creating filter chain: Ant [pattern='/**', OPTIONS], []
2020-08-15 00:12:09,220 INFO org.springframework.security.web.DefaultSecurityFilterChain [main] Creating filter chain: Ant [pattern='/', GET], []
2020-08-15 00:12:09,220 INFO org.springframework.security.web.DefaultSecurityFilterChain [main] Creating filter chain: Ant [pattern='/h2-console/**/**'], []
2020-08-15 00:12:09,220 INFO org.springframework.security.web.DefaultSecurityFilterChain [main] Creating filter chain: Ant [pattern='/user/register'], []
2020-08-15 00:12:09,297 INFO org.springframework.security.web.DefaultSecurityFilterChain [main] Creating filter chain: any request, [org.springframework.security.web.context.request.async.WebAsyncManagerIntegrationFilter@25673087, org.springframework.security.web.context.SecurityContextPersistenceFilter@7a360554, org.springframework.security.web.header.HeaderWriterFilter@512575e9, org.springframework.security.web.authentication.logout.LogoutFilter@6535117e, com.example.demo.jwt.JwtTokenAuthorizationOncePerRequestFilter@288214b1, org.springframework.security.web.savedrequest.RequestCacheAwareFilter@4bc33720, org.springframework.security.web.servletapi.SecurityContextHolderAwareRequestFilter@480ad82c, org.springframework.security.web.authentication.AnonymousAuthenticationFilter@7b27e8f4, org.springframework.security.web.session.SessionManagementFilter@2975a9e, org.springframework.security.web.access.ExceptionTranslationFilter@5793b87, org.springframework.security.web.access.intercept.FilterSecurityInterceptor@571a01f9]
2020-08-15 00:12:09,739 WARN org.springframework.boot.autoconfigure.thymeleaf.ThymeleafAutoConfiguration$DefaultTemplateResolverConfiguration [main] Cannot find template location: classpath:/templates/ (please add some templates or check your Thymeleaf configuration)
2020-08-15 00:12:10,120 INFO org.apache.juli.logging.DirectJDKLog [main] Starting ProtocolHandler ["http-nio-8080"]
2020-08-15 00:12:10,162 INFO org.springframework.boot.web.embedded.tomcat.TomcatWebServer [main] Tomcat started on port(s): 8080 (http) with context path ''
2020-08-15 00:12:10,165 INFO org.springframework.data.repository.config.DeferredRepositoryInitializationListener [main] Triggering deferred initialization of Spring Data repositories…
2020-08-15 00:12:10,638 INFO org.hibernate.engine.transaction.jta.platform.internal.JtaPlatformInitiator [task-1] HHH000490: Using JtaPlatform implementation: [org.hibernate.engine.transaction.jta.platform.internal.NoJtaPlatform]
2020-08-15 00:12:10,648 INFO org.springframework.orm.jpa.AbstractEntityManagerFactoryBean [task-1] Initialized JPA EntityManagerFactory for persistence unit 'default'
2020-08-15 00:12:11,722 INFO org.springframework.data.repository.config.DeferredRepositoryInitializationListener [main] Spring Data repositories initialized!
2020-08-15 00:12:11,740 INFO org.springframework.boot.StartupInfoLogger [main] Started DemoApplication in 7.646 seconds (JVM running for 8.971)
2020-08-15 00:13:04,322 INFO org.apache.juli.logging.DirectJDKLog [http-nio-8080-exec-2] Initializing Spring DispatcherServlet 'dispatcherServlet'
2020-08-15 00:13:04,323 INFO org.springframework.web.servlet.FrameworkServlet [http-nio-8080-exec-2] Initializing Servlet 'dispatcherServlet'
2020-08-15 00:13:04,333 INFO org.springframework.web.servlet.FrameworkServlet [http-nio-8080-exec-2] Completed initialization in 10 ms
2020-08-15 00:13:04,344 WARN com.example.demo.jwt.JwtTokenAuthorizationOncePerRequestFilter [http-nio-8080-exec-2] JWT TOKEN DOES NOT START WITH BEARER STRING
2020-08-15 00:13:04,345 DEBUG com.example.demo.jwt.JwtTokenAuthorizationOncePerRequestFilter [http-nio-8080-exec-2] JWT TOKEN USERNAME VALUE '{}'null
2020-08-15 00:13:04,392 ERROR org.apache.juli.logging.DirectJDKLog [http-nio-8080-exec-2] Servlet.service() for servlet [dispatcherServlet] in context with path [] threw exception [Expected session attribute 'user'] with root cause
org.springframework.web.HttpSessionRequiredException: Expected session attribute 'user'
	at org.springframework.web.method.annotation.ModelFactory.initModel(ModelFactory.java:112)
	at org.springframework.web.servlet.mvc.method.annotation.RequestMappingHandlerAdapter.invokeHandlerMethod(RequestMappingHandlerAdapter.java:856)
	at org.springframework.web.servlet.mvc.method.annotation.RequestMappingHandlerAdapter.handleInternal(RequestMappingHandlerAdapter.java:793)
	at org.springframework.web.servlet.mvc.method.AbstractHandlerMethodAdapter.handle(AbstractHandlerMethodAdapter.java:87)
	at org.springframework.web.servlet.DispatcherServlet.doDispatch(DispatcherServlet.java:1040)
	at org.springframework.web.servlet.DispatcherServlet.doService(DispatcherServlet.java:943)
	at org.springframework.web.servlet.FrameworkServlet.processRequest(FrameworkServlet.java:1006)
	at org.springframework.web.servlet.FrameworkServlet.doPost(FrameworkServlet.java:909)
	at javax.servlet.http.HttpServlet.service(HttpServlet.java:660)
	at org.springframework.web.servlet.FrameworkServlet.service(FrameworkServlet.java:883)
	at javax.servlet.http.HttpServlet.service(HttpServlet.java:741)
	at org.apache.catalina.core.ApplicationFilterChain.internalDoFilter(ApplicationFilterChain.java:231)
	at org.apache.catalina.core.ApplicationFilterChain.doFilter(ApplicationFilterChain.java:166)
	at org.apache.tomcat.websocket.server.WsFilter.doFilter(WsFilter.java:53)
	at org.apache.catalina.core.ApplicationFilterChain.internalDoFilter(ApplicationFilterChain.java:193)
	at org.apache.catalina.core.ApplicationFilterChain.doFilter(ApplicationFilterChain.java:166)
	at com.example.demo.jwt.JwtTokenAuthorizationOncePerRequestFilter.doFilterInternal(JwtTokenAuthorizationOncePerRequestFilter.java:70)
	at org.springframework.web.filter.OncePerRequestFilter.doFilter(OncePerRequestFilter.java:119)
	at org.apache.catalina.core.ApplicationFilterChain.internalDoFilter(ApplicationFilterChain.java:193)
	at org.apache.catalina.core.ApplicationFilterChain.doFilter(ApplicationFilterChain.java:166)
	at org.springframework.security.web.FilterChainProxy.doFilterInternal(FilterChainProxy.java:209)
	at org.springframework.security.web.FilterChainProxy.doFilter(FilterChainProxy.java:178)
	at org.springframework.web.filter.DelegatingFilterProxy.invokeDelegate(DelegatingFilterProxy.java:358)
	at org.springframework.web.filter.DelegatingFilterProxy.doFilter(DelegatingFilterProxy.java:271)
	at org.apache.catalina.core.ApplicationFilterChain.internalDoFilter(ApplicationFilterChain.java:193)
	at org.apache.catalina.core.ApplicationFilterChain.doFilter(ApplicationFilterChain.java:166)
	at org.springframework.web.filter.RequestContextFilter.doFilterInternal(RequestContextFilter.java:100)
	at org.springframework.web.filter.OncePerRequestFilter.doFilter(OncePerRequestFilter.java:119)
	at org.apache.catalina.core.ApplicationFilterChain.internalDoFilter(ApplicationFilterChain.java:193)
	at org.apache.catalina.core.ApplicationFilterChain.doFilter(ApplicationFilterChain.java:166)
	at org.springframework.web.filter.FormContentFilter.doFilterInternal(FormContentFilter.java:93)
	at org.springframework.web.filter.OncePerRequestFilter.doFilter(OncePerRequestFilter.java:119)
	at org.apache.catalina.core.ApplicationFilterChain.internalDoFilter(ApplicationFilterChain.java:193)
	at org.apache.catalina.core.ApplicationFilterChain.doFilter(ApplicationFilterChain.java:166)
	at org.springframework.web.filter.CharacterEncodingFilter.doFilterInternal(CharacterEncodingFilter.java:201)
	at org.springframework.web.filter.OncePerRequestFilter.doFilter(OncePerRequestFilter.java:119)
	at org.apache.catalina.core.ApplicationFilterChain.internalDoFilter(ApplicationFilterChain.java:193)
	at org.apache.catalina.core.ApplicationFilterChain.doFilter(ApplicationFilterChain.java:166)
	at org.apache.catalina.core.StandardWrapperValve.invoke(StandardWrapperValve.java:202)
	at org.apache.catalina.core.StandardContextValve.invoke(StandardContextValve.java:96)
	at org.apache.catalina.authenticator.AuthenticatorBase.invoke(AuthenticatorBase.java:541)
	at org.apache.catalina.core.StandardHostValve.invoke(StandardHostValve.java:139)
	at org.apache.catalina.valves.ErrorReportValve.invoke(ErrorReportValve.java:92)
	at org.apache.catalina.core.StandardEngineValve.invoke(StandardEngineValve.java:74)
	at org.apache.catalina.connector.CoyoteAdapter.service(CoyoteAdapter.java:343)
	at org.apache.coyote.http11.Http11Processor.service(Http11Processor.java:373)
	at org.apache.coyote.AbstractProcessorLight.process(AbstractProcessorLight.java:65)
	at org.apache.coyote.AbstractProtocol$ConnectionHandler.process(AbstractProtocol.java:868)
	at org.apache.tomcat.util.net.NioEndpoint$SocketProcessor.doRun(NioEndpoint.java:1590)
	at org.apache.tomcat.util.net.SocketProcessorBase.run(SocketProcessorBase.java:49)
	at java.util.concurrent.ThreadPoolExecutor.runWorker(ThreadPoolExecutor.java:1149)
	at java.util.concurrent.ThreadPoolExecutor$Worker.run(ThreadPoolExecutor.java:624)
	at org.apache.tomcat.util.threads.TaskThread$WrappingRunnable.run(TaskThread.java:61)
	at java.lang.Thread.run(Thread.java:748)
2020-08-15 00:13:29,867 INFO org.springframework.boot.StartupInfoLogger [main] Starting DemoApplication on DESKTOP-7GLQTMP with PID 3984 (D:\Projects\Java\demo\target\classes started by yurat in D:\Projects\Java\demo)
2020-08-15 00:13:29,872 DEBUG org.springframework.boot.StartupInfoLogger [main] Running with Spring Boot v2.3.1.RELEASE, Spring v5.2.7.RELEASE
2020-08-15 00:13:29,873 INFO org.springframework.boot.SpringApplication [main] No active profile set, falling back to default profiles: default
2020-08-15 00:13:32,209 INFO org.springframework.data.repository.config.RepositoryConfigurationDelegate [main] Bootstrapping Spring Data JPA repositories in DEFERRED mode.
2020-08-15 00:13:32,315 INFO org.springframework.data.repository.config.RepositoryConfigurationDelegate [main] Finished Spring Data repository scanning in 95ms. Found 4 JPA repository interfaces.
2020-08-15 00:13:33,414 INFO org.springframework.boot.web.embedded.tomcat.TomcatWebServer [main] Tomcat initialized with port(s): 8080 (http)
2020-08-15 00:13:33,422 INFO org.apache.juli.logging.DirectJDKLog [main] Initializing ProtocolHandler ["http-nio-8080"]
2020-08-15 00:13:33,423 INFO org.apache.juli.logging.DirectJDKLog [main] Starting service [Tomcat]
2020-08-15 00:13:33,424 INFO org.apache.juli.logging.DirectJDKLog [main] Starting Servlet engine: [Apache Tomcat/9.0.36]
2020-08-15 00:13:33,580 INFO org.apache.juli.logging.DirectJDKLog [main] Initializing Spring embedded WebApplicationContext
2020-08-15 00:13:33,580 INFO org.springframework.boot.web.servlet.context.ServletWebServerApplicationContext [main] Root WebApplicationContext: initialization completed in 3605 ms
2020-08-15 00:13:33,635 INFO com.zaxxer.hikari.HikariDataSource [main] HikariPool-1 - Starting...
2020-08-15 00:13:33,830 INFO com.zaxxer.hikari.HikariDataSource [main] HikariPool-1 - Start completed.
2020-08-15 00:13:33,835 INFO org.springframework.boot.autoconfigure.h2.H2ConsoleAutoConfiguration [main] H2 console available at '/h2-console'. Database available at 'jdbc:h2:mem:testDb'
2020-08-15 00:13:33,983 DEBUG org.springframework.web.filter.GenericFilterBean [main] Filter 'jwtTokenAuthorizationOncePerRequestFilter' configured for use
2020-08-15 00:13:34,052 INFO org.springframework.scheduling.concurrent.ExecutorConfigurationSupport [main] Initializing ExecutorService 'applicationTaskExecutor'
2020-08-15 00:13:34,064 INFO org.springframework.scheduling.concurrent.ExecutorConfigurationSupport [main] Initializing ExecutorService 'taskScheduler'
2020-08-15 00:13:34,107 INFO org.hibernate.jpa.internal.util.LogHelper [task-1] HHH000204: Processing PersistenceUnitInfo [name: default]
2020-08-15 00:13:34,169 WARN org.springframework.boot.autoconfigure.orm.jpa.JpaBaseConfiguration$JpaWebConfiguration [main] spring.jpa.open-in-view is enabled by default. Therefore, database queries may be performed during view rendering. Explicitly configure spring.jpa.open-in-view to disable this warning
2020-08-15 00:13:34,170 INFO org.hibernate.Version [task-1] HHH000412: Hibernate ORM core version 5.4.17.Final
2020-08-15 00:13:34,356 INFO org.hibernate.annotations.common.reflection.java.JavaReflectionManager [task-1] HCANN000001: Hibernate Commons Annotations {5.1.0.Final}
2020-08-15 00:13:34,495 INFO org.hibernate.dialect.Dialect [task-1] HHH000400: Using dialect: org.hibernate.dialect.H2Dialect
2020-08-15 00:13:34,537 INFO org.springframework.security.web.DefaultSecurityFilterChain [main] Creating filter chain: Ant [pattern='/authenticate', POST], []
2020-08-15 00:13:34,538 INFO org.springframework.security.web.DefaultSecurityFilterChain [main] Creating filter chain: Ant [pattern='/**', OPTIONS], []
2020-08-15 00:13:34,538 INFO org.springframework.security.web.DefaultSecurityFilterChain [main] Creating filter chain: Ant [pattern='/', GET], []
2020-08-15 00:13:34,539 INFO org.springframework.security.web.DefaultSecurityFilterChain [main] Creating filter chain: Ant [pattern='/h2-console/**/**'], []
2020-08-15 00:13:34,539 INFO org.springframework.security.web.DefaultSecurityFilterChain [main] Creating filter chain: Ant [pattern='/user/register'], []
2020-08-15 00:13:34,592 INFO org.springframework.security.web.DefaultSecurityFilterChain [main] Creating filter chain: any request, [org.springframework.security.web.context.request.async.WebAsyncManagerIntegrationFilter@5c441290, org.springframework.security.web.context.SecurityContextPersistenceFilter@52ff99cd, org.springframework.security.web.header.HeaderWriterFilter@4bc33720, org.springframework.security.web.authentication.logout.LogoutFilter@4012d5bc, com.example.demo.jwt.JwtTokenAuthorizationOncePerRequestFilter@4422dd48, org.springframework.security.web.savedrequest.RequestCacheAwareFilter@44032fde, org.springframework.security.web.servletapi.SecurityContextHolderAwareRequestFilter@7f93dd4e, org.springframework.security.web.authentication.AnonymousAuthenticationFilter@3c78e551, org.springframework.security.web.session.SessionManagementFilter@4d18b73a, org.springframework.security.web.access.ExceptionTranslationFilter@7a360554, org.springframework.security.web.access.intercept.FilterSecurityInterceptor@6920b0bc]
2020-08-15 00:13:34,985 WARN org.springframework.boot.autoconfigure.thymeleaf.ThymeleafAutoConfiguration$DefaultTemplateResolverConfiguration [main] Cannot find template location: classpath:/templates/ (please add some templates or check your Thymeleaf configuration)
2020-08-15 00:13:35,226 INFO org.apache.juli.logging.DirectJDKLog [main] Starting ProtocolHandler ["http-nio-8080"]
2020-08-15 00:13:35,251 INFO org.springframework.boot.web.embedded.tomcat.TomcatWebServer [main] Tomcat started on port(s): 8080 (http) with context path ''
2020-08-15 00:13:35,254 INFO org.springframework.data.repository.config.DeferredRepositoryInitializationListener [main] Triggering deferred initialization of Spring Data repositories…
2020-08-15 00:13:35,581 INFO org.hibernate.engine.transaction.jta.platform.internal.JtaPlatformInitiator [task-1] HHH000490: Using JtaPlatform implementation: [org.hibernate.engine.transaction.jta.platform.internal.NoJtaPlatform]
2020-08-15 00:13:35,598 INFO org.springframework.orm.jpa.AbstractEntityManagerFactoryBean [task-1] Initialized JPA EntityManagerFactory for persistence unit 'default'
2020-08-15 00:13:36,174 INFO org.springframework.data.repository.config.DeferredRepositoryInitializationListener [main] Spring Data repositories initialized!
2020-08-15 00:13:36,188 INFO org.springframework.boot.StartupInfoLogger [main] Started DemoApplication in 7.11 seconds (JVM running for 8.557)
2020-08-15 00:19:46,626 INFO org.apache.juli.logging.DirectJDKLog [http-nio-8080-exec-1] Initializing Spring DispatcherServlet 'dispatcherServlet'
2020-08-15 00:19:46,627 INFO org.springframework.web.servlet.FrameworkServlet [http-nio-8080-exec-1] Initializing Servlet 'dispatcherServlet'
2020-08-15 00:19:46,647 INFO org.springframework.web.servlet.FrameworkServlet [http-nio-8080-exec-1] Completed initialization in 19 ms
2020-08-15 00:19:46,665 WARN com.example.demo.jwt.JwtTokenAuthorizationOncePerRequestFilter [http-nio-8080-exec-1] JWT TOKEN DOES NOT START WITH BEARER STRING
2020-08-15 00:19:46,666 DEBUG com.example.demo.jwt.JwtTokenAuthorizationOncePerRequestFilter [http-nio-8080-exec-1] JWT TOKEN USERNAME VALUE '{}'null
2020-08-15 00:19:46,698 DEBUG com.example.demo.aspect.LoggingAspect [http-nio-8080-exec-1] Enter: com.example.demo.controller.UserController.setup() with argument[s] = [org.springframework.web.servlet.mvc.method.annotation.ExtendedServletRequestDataBinder@18c5b8a0]
2020-08-15 00:19:46,708 DEBUG com.example.demo.aspect.LoggingAspect [http-nio-8080-exec-1] Exit: com.example.demo.controller.UserController.setup() with result = null
2020-08-15 00:19:46,711 DEBUG com.example.demo.aspect.LoggingAspect [http-nio-8080-exec-1] Enter: com.example.demo.controller.UserController.saveUser() with argument[s] = [User{id=0, username='null', password='null', firstName='null', lastName='null', registrationDate=null, email='null', taskSet=[]}]
2020-08-15 00:19:46,712 ERROR com.example.demo.aspect.LoggingAspect [http-nio-8080-exec-1] Exception in com.example.demo.controller.UserController.saveUser() with cause = NULL
2020-08-15 00:19:46,713 ERROR com.example.demo.aspect.LoggingAspect [http-nio-8080-exec-1] Illegal argument: [User{id=0, username='null', password='null', firstName='null', lastName='null', registrationDate=null, email='null', taskSet=[]}] in com.example.demo.controller.UserController.saveUser()
2020-08-15 00:19:46,723 ERROR org.apache.juli.logging.DirectJDKLog [http-nio-8080-exec-1] Servlet.service() for servlet [dispatcherServlet] in context with path [] threw exception [Request processing failed; nested exception is java.lang.IllegalArgumentException: rawPassword cannot be null] with root cause
java.lang.IllegalArgumentException: rawPassword cannot be null
	at org.springframework.security.crypto.bcrypt.BCryptPasswordEncoder.encode(BCryptPasswordEncoder.java:103)
	at com.example.demo.controller.UserController.saveUser(UserController.java:48)
	at com.example.demo.controller.UserController$$FastClassBySpringCGLIB$$9092703f.invoke(<generated>)
	at org.springframework.cglib.proxy.MethodProxy.invoke(MethodProxy.java:218)
	at org.springframework.aop.framework.CglibAopProxy$CglibMethodInvocation.invokeJoinpoint(CglibAopProxy.java:771)
	at org.springframework.aop.framework.ReflectiveMethodInvocation.proceed(ReflectiveMethodInvocation.java:163)
	at org.springframework.aop.framework.CglibAopProxy$CglibMethodInvocation.proceed(CglibAopProxy.java:749)
	at org.springframework.aop.aspectj.AspectJAfterThrowingAdvice.invoke(AspectJAfterThrowingAdvice.java:62)
	at org.springframework.aop.framework.ReflectiveMethodInvocation.proceed(ReflectiveMethodInvocation.java:186)
	at org.springframework.aop.framework.CglibAopProxy$CglibMethodInvocation.proceed(CglibAopProxy.java:749)
	at org.springframework.aop.aspectj.MethodInvocationProceedingJoinPoint.proceed(MethodInvocationProceedingJoinPoint.java:88)
	at com.example.demo.aspect.LoggingAspect.logAround(LoggingAspect.java:45)
	at sun.reflect.NativeMethodAccessorImpl.invoke0(Native Method)
	at sun.reflect.NativeMethodAccessorImpl.invoke(NativeMethodAccessorImpl.java:62)
	at sun.reflect.DelegatingMethodAccessorImpl.invoke(DelegatingMethodAccessorImpl.java:43)
	at java.lang.reflect.Method.invoke(Method.java:498)
	at org.springframework.aop.aspectj.AbstractAspectJAdvice.invokeAdviceMethodWithGivenArgs(AbstractAspectJAdvice.java:644)
	at org.springframework.aop.aspectj.AbstractAspectJAdvice.invokeAdviceMethod(AbstractAspectJAdvice.java:633)
	at org.springframework.aop.aspectj.AspectJAroundAdvice.invoke(AspectJAroundAdvice.java:70)
	at org.springframework.aop.framework.ReflectiveMethodInvocation.proceed(ReflectiveMethodInvocation.java:186)
	at org.springframework.aop.framework.CglibAopProxy$CglibMethodInvocation.proceed(CglibAopProxy.java:749)
	at org.springframework.aop.interceptor.ExposeInvocationInterceptor.invoke(ExposeInvocationInterceptor.java:95)
	at org.springframework.aop.framework.ReflectiveMethodInvocation.proceed(ReflectiveMethodInvocation.java:186)
	at org.springframework.aop.framework.CglibAopProxy$CglibMethodInvocation.proceed(CglibAopProxy.java:749)
	at org.springframework.aop.framework.CglibAopProxy$DynamicAdvisedInterceptor.intercept(CglibAopProxy.java:691)
	at com.example.demo.controller.UserController$$EnhancerBySpringCGLIB$$6b93e72f.saveUser(<generated>)
	at sun.reflect.NativeMethodAccessorImpl.invoke0(Native Method)
	at sun.reflect.NativeMethodAccessorImpl.invoke(NativeMethodAccessorImpl.java:62)
	at sun.reflect.DelegatingMethodAccessorImpl.invoke(DelegatingMethodAccessorImpl.java:43)
	at java.lang.reflect.Method.invoke(Method.java:498)
	at org.springframework.web.method.support.InvocableHandlerMethod.doInvoke(InvocableHandlerMethod.java:190)
	at org.springframework.web.method.support.InvocableHandlerMethod.invokeForRequest(InvocableHandlerMethod.java:138)
	at org.springframework.web.servlet.mvc.method.annotation.ServletInvocableHandlerMethod.invokeAndHandle(ServletInvocableHandlerMethod.java:105)
	at org.springframework.web.servlet.mvc.method.annotation.RequestMappingHandlerAdapter.invokeHandlerMethod(RequestMappingHandlerAdapter.java:879)
	at org.springframework.web.servlet.mvc.method.annotation.RequestMappingHandlerAdapter.handleInternal(RequestMappingHandlerAdapter.java:793)
	at org.springframework.web.servlet.mvc.method.AbstractHandlerMethodAdapter.handle(AbstractHandlerMethodAdapter.java:87)
	at org.springframework.web.servlet.DispatcherServlet.doDispatch(DispatcherServlet.java:1040)
	at org.springframework.web.servlet.DispatcherServlet.doService(DispatcherServlet.java:943)
	at org.springframework.web.servlet.FrameworkServlet.processRequest(FrameworkServlet.java:1006)
	at org.springframework.web.servlet.FrameworkServlet.doPost(FrameworkServlet.java:909)
	at javax.servlet.http.HttpServlet.service(HttpServlet.java:660)
	at org.springframework.web.servlet.FrameworkServlet.service(FrameworkServlet.java:883)
	at javax.servlet.http.HttpServlet.service(HttpServlet.java:741)
	at org.apache.catalina.core.ApplicationFilterChain.internalDoFilter(ApplicationFilterChain.java:231)
	at org.apache.catalina.core.ApplicationFilterChain.doFilter(ApplicationFilterChain.java:166)
	at org.apache.tomcat.websocket.server.WsFilter.doFilter(WsFilter.java:53)
	at org.apache.catalina.core.ApplicationFilterChain.internalDoFilter(ApplicationFilterChain.java:193)
	at org.apache.catalina.core.ApplicationFilterChain.doFilter(ApplicationFilterChain.java:166)
	at com.example.demo.jwt.JwtTokenAuthorizationOncePerRequestFilter.doFilterInternal(JwtTokenAuthorizationOncePerRequestFilter.java:70)
	at org.springframework.web.filter.OncePerRequestFilter.doFilter(OncePerRequestFilter.java:119)
	at org.apache.catalina.core.ApplicationFilterChain.internalDoFilter(ApplicationFilterChain.java:193)
	at org.apache.catalina.core.ApplicationFilterChain.doFilter(ApplicationFilterChain.java:166)
	at org.springframework.security.web.FilterChainProxy.doFilterInternal(FilterChainProxy.java:209)
	at org.springframework.security.web.FilterChainProxy.doFilter(FilterChainProxy.java:178)
	at org.springframework.web.filter.DelegatingFilterProxy.invokeDelegate(DelegatingFilterProxy.java:358)
	at org.springframework.web.filter.DelegatingFilterProxy.doFilter(DelegatingFilterProxy.java:271)
	at org.apache.catalina.core.ApplicationFilterChain.internalDoFilter(ApplicationFilterChain.java:193)
	at org.apache.catalina.core.ApplicationFilterChain.doFilter(ApplicationFilterChain.java:166)
	at org.springframework.web.filter.RequestContextFilter.doFilterInternal(RequestContextFilter.java:100)
	at org.springframework.web.filter.OncePerRequestFilter.doFilter(OncePerRequestFilter.java:119)
	at org.apache.catalina.core.ApplicationFilterChain.internalDoFilter(ApplicationFilterChain.java:193)
	at org.apache.catalina.core.ApplicationFilterChain.doFilter(ApplicationFilterChain.java:166)
	at org.springframework.web.filter.FormContentFilter.doFilterInternal(FormContentFilter.java:93)
	at org.springframework.web.filter.OncePerRequestFilter.doFilter(OncePerRequestFilter.java:119)
	at org.apache.catalina.core.ApplicationFilterChain.internalDoFilter(ApplicationFilterChain.java:193)
	at org.apache.catalina.core.ApplicationFilterChain.doFilter(ApplicationFilterChain.java:166)
	at org.springframework.web.filter.CharacterEncodingFilter.doFilterInternal(CharacterEncodingFilter.java:201)
	at org.springframework.web.filter.OncePerRequestFilter.doFilter(OncePerRequestFilter.java:119)
	at org.apache.catalina.core.ApplicationFilterChain.internalDoFilter(ApplicationFilterChain.java:193)
	at org.apache.catalina.core.ApplicationFilterChain.doFilter(ApplicationFilterChain.java:166)
	at org.apache.catalina.core.StandardWrapperValve.invoke(StandardWrapperValve.java:202)
	at org.apache.catalina.core.StandardContextValve.invoke(StandardContextValve.java:96)
	at org.apache.catalina.authenticator.AuthenticatorBase.invoke(AuthenticatorBase.java:541)
	at org.apache.catalina.core.StandardHostValve.invoke(StandardHostValve.java:139)
	at org.apache.catalina.valves.ErrorReportValve.invoke(ErrorReportValve.java:92)
	at org.apache.catalina.core.StandardEngineValve.invoke(StandardEngineValve.java:74)
	at org.apache.catalina.connector.CoyoteAdapter.service(CoyoteAdapter.java:343)
	at org.apache.coyote.http11.Http11Processor.service(Http11Processor.java:373)
	at org.apache.coyote.AbstractProcessorLight.process(AbstractProcessorLight.java:65)
	at org.apache.coyote.AbstractProtocol$ConnectionHandler.process(AbstractProtocol.java:868)
	at org.apache.tomcat.util.net.NioEndpoint$SocketProcessor.doRun(NioEndpoint.java:1590)
	at org.apache.tomcat.util.net.SocketProcessorBase.run(SocketProcessorBase.java:49)
	at java.util.concurrent.ThreadPoolExecutor.runWorker(ThreadPoolExecutor.java:1149)
	at java.util.concurrent.ThreadPoolExecutor$Worker.run(ThreadPoolExecutor.java:624)
	at org.apache.tomcat.util.threads.TaskThread$WrappingRunnable.run(TaskThread.java:61)
	at java.lang.Thread.run(Thread.java:748)
2020-08-15 00:20:27,452 INFO org.springframework.boot.StartupInfoLogger [main] Starting DemoApplication on DESKTOP-7GLQTMP with PID 14424 (D:\Projects\Java\demo\target\classes started by yurat in D:\Projects\Java\demo)
2020-08-15 00:20:27,459 DEBUG org.springframework.boot.StartupInfoLogger [main] Running with Spring Boot v2.3.1.RELEASE, Spring v5.2.7.RELEASE
2020-08-15 00:20:27,460 INFO org.springframework.boot.SpringApplication [main] No active profile set, falling back to default profiles: default
2020-08-15 00:20:29,036 INFO org.springframework.data.repository.config.RepositoryConfigurationDelegate [main] Bootstrapping Spring Data JPA repositories in DEFERRED mode.
2020-08-15 00:20:29,119 INFO org.springframework.data.repository.config.RepositoryConfigurationDelegate [main] Finished Spring Data repository scanning in 72ms. Found 4 JPA repository interfaces.
2020-08-15 00:20:29,808 INFO org.springframework.boot.web.embedded.tomcat.TomcatWebServer [main] Tomcat initialized with port(s): 8080 (http)
2020-08-15 00:20:29,816 INFO org.apache.juli.logging.DirectJDKLog [main] Initializing ProtocolHandler ["http-nio-8080"]
2020-08-15 00:20:29,817 INFO org.apache.juli.logging.DirectJDKLog [main] Starting service [Tomcat]
2020-08-15 00:20:29,817 INFO org.apache.juli.logging.DirectJDKLog [main] Starting Servlet engine: [Apache Tomcat/9.0.36]
2020-08-15 00:20:29,970 INFO org.apache.juli.logging.DirectJDKLog [main] Initializing Spring embedded WebApplicationContext
2020-08-15 00:20:29,971 INFO org.springframework.boot.web.servlet.context.ServletWebServerApplicationContext [main] Root WebApplicationContext: initialization completed in 2415 ms
2020-08-15 00:20:30,026 INFO com.zaxxer.hikari.HikariDataSource [main] HikariPool-1 - Starting...
2020-08-15 00:20:30,260 INFO com.zaxxer.hikari.HikariDataSource [main] HikariPool-1 - Start completed.
2020-08-15 00:20:30,266 INFO org.springframework.boot.autoconfigure.h2.H2ConsoleAutoConfiguration [main] H2 console available at '/h2-console'. Database available at 'jdbc:h2:mem:testDb'
2020-08-15 00:20:30,422 DEBUG org.springframework.web.filter.GenericFilterBean [main] Filter 'jwtTokenAuthorizationOncePerRequestFilter' configured for use
2020-08-15 00:20:30,518 INFO org.springframework.scheduling.concurrent.ExecutorConfigurationSupport [main] Initializing ExecutorService 'applicationTaskExecutor'
2020-08-15 00:20:30,530 INFO org.springframework.scheduling.concurrent.ExecutorConfigurationSupport [main] Initializing ExecutorService 'taskScheduler'
2020-08-15 00:20:30,576 INFO org.hibernate.jpa.internal.util.LogHelper [task-1] HHH000204: Processing PersistenceUnitInfo [name: default]
2020-08-15 00:20:30,630 INFO org.hibernate.Version [task-1] HHH000412: Hibernate ORM core version 5.4.17.Final
2020-08-15 00:20:30,642 WARN org.springframework.boot.autoconfigure.orm.jpa.JpaBaseConfiguration$JpaWebConfiguration [main] spring.jpa.open-in-view is enabled by default. Therefore, database queries may be performed during view rendering. Explicitly configure spring.jpa.open-in-view to disable this warning
2020-08-15 00:20:30,818 INFO org.hibernate.annotations.common.reflection.java.JavaReflectionManager [task-1] HCANN000001: Hibernate Commons Annotations {5.1.0.Final}
2020-08-15 00:20:30,952 INFO org.hibernate.dialect.Dialect [task-1] HHH000400: Using dialect: org.hibernate.dialect.H2Dialect
2020-08-15 00:20:30,979 INFO org.springframework.security.web.DefaultSecurityFilterChain [main] Creating filter chain: Ant [pattern='/authenticate', POST], []
2020-08-15 00:20:30,980 INFO org.springframework.security.web.DefaultSecurityFilterChain [main] Creating filter chain: Ant [pattern='/**', OPTIONS], []
2020-08-15 00:20:30,980 INFO org.springframework.security.web.DefaultSecurityFilterChain [main] Creating filter chain: Ant [pattern='/', GET], []
2020-08-15 00:20:30,980 INFO org.springframework.security.web.DefaultSecurityFilterChain [main] Creating filter chain: Ant [pattern='/h2-console/**/**'], []
2020-08-15 00:20:30,980 INFO org.springframework.security.web.DefaultSecurityFilterChain [main] Creating filter chain: Ant [pattern='/user/register'], []
2020-08-15 00:20:31,057 INFO org.springframework.security.web.DefaultSecurityFilterChain [main] Creating filter chain: any request, [org.springframework.security.web.context.request.async.WebAsyncManagerIntegrationFilter@3c78e551, org.springframework.security.web.context.SecurityContextPersistenceFilter@4c2af006, org.springframework.security.web.header.HeaderWriterFilter@2dd0f797, org.springframework.security.web.authentication.logout.LogoutFilter@4375b013, com.example.demo.jwt.JwtTokenAuthorizationOncePerRequestFilter@4422dd48, org.springframework.security.web.savedrequest.RequestCacheAwareFilter@7b676112, org.springframework.security.web.servletapi.SecurityContextHolderAwareRequestFilter@5ad5be4a, org.springframework.security.web.authentication.AnonymousAuthenticationFilter@7f1ef916, org.springframework.security.web.session.SessionManagementFilter@177515d1, org.springframework.security.web.access.ExceptionTranslationFilter@424de326, org.springframework.security.web.access.intercept.FilterSecurityInterceptor@65f651eb]
2020-08-15 00:20:31,440 WARN org.springframework.boot.autoconfigure.thymeleaf.ThymeleafAutoConfiguration$DefaultTemplateResolverConfiguration [main] Cannot find template location: classpath:/templates/ (please add some templates or check your Thymeleaf configuration)
2020-08-15 00:20:31,659 INFO org.apache.juli.logging.DirectJDKLog [main] Starting ProtocolHandler ["http-nio-8080"]
2020-08-15 00:20:31,684 INFO org.springframework.boot.web.embedded.tomcat.TomcatWebServer [main] Tomcat started on port(s): 8080 (http) with context path ''
2020-08-15 00:20:31,689 INFO org.springframework.data.repository.config.DeferredRepositoryInitializationListener [main] Triggering deferred initialization of Spring Data repositories…
2020-08-15 00:20:32,008 INFO org.hibernate.engine.transaction.jta.platform.internal.JtaPlatformInitiator [task-1] HHH000490: Using JtaPlatform implementation: [org.hibernate.engine.transaction.jta.platform.internal.NoJtaPlatform]
2020-08-15 00:20:32,015 INFO org.springframework.orm.jpa.AbstractEntityManagerFactoryBean [task-1] Initialized JPA EntityManagerFactory for persistence unit 'default'
2020-08-15 00:20:32,497 INFO org.springframework.data.repository.config.DeferredRepositoryInitializationListener [main] Spring Data repositories initialized!
2020-08-15 00:20:32,511 INFO org.springframework.boot.StartupInfoLogger [main] Started DemoApplication in 5.846 seconds (JVM running for 6.979)
2020-08-15 00:22:45,675 INFO org.apache.juli.logging.DirectJDKLog [http-nio-8080-exec-1] Initializing Spring DispatcherServlet 'dispatcherServlet'
2020-08-15 00:22:45,675 INFO org.springframework.web.servlet.FrameworkServlet [http-nio-8080-exec-1] Initializing Servlet 'dispatcherServlet'
2020-08-15 00:22:45,685 INFO org.springframework.web.servlet.FrameworkServlet [http-nio-8080-exec-1] Completed initialization in 9 ms
2020-08-15 00:22:45,714 WARN com.example.demo.jwt.JwtTokenAuthorizationOncePerRequestFilter [http-nio-8080-exec-1] JWT TOKEN DOES NOT START WITH BEARER STRING
2020-08-15 00:22:45,715 DEBUG com.example.demo.jwt.JwtTokenAuthorizationOncePerRequestFilter [http-nio-8080-exec-1] JWT TOKEN USERNAME VALUE '{}'null
2020-08-15 00:22:45,860 DEBUG com.example.demo.aspect.LoggingAspect [http-nio-8080-exec-1] Enter: com.example.demo.controller.UserController.setup() with argument[s] = [org.springframework.web.servlet.mvc.method.annotation.ExtendedServletRequestDataBinder@437583bc]
2020-08-15 00:22:45,869 DEBUG com.example.demo.aspect.LoggingAspect [http-nio-8080-exec-1] Exit: com.example.demo.controller.UserController.setup() with result = null
2020-08-15 00:22:45,870 DEBUG com.example.demo.aspect.LoggingAspect [http-nio-8080-exec-1] Enter: com.example.demo.controller.UserController.saveUser() with argument[s] = [User{id=0, username='second user', password='password', firstName='null', lastName='null', registrationDate=null, email='null', taskSet=[]}]
2020-08-15 00:22:46,031 DEBUG com.example.demo.aspect.LoggingAspect [http-nio-8080-exec-1] Enter: com.example.demo.service.UserService.save() with argument[s] = [User{id=0, username='second user', password='$2a$10$j4ZrvJY0ldVC6.L1X9eM2uovX3L0YY1PblZEgc3LXrZuKYGRTl2Ey', firstName='null', lastName='null', registrationDate=null, email='null', taskSet=[]}]
2020-08-15 00:22:46,273 DEBUG com.example.demo.aspect.LoggingAspect [http-nio-8080-exec-1] Exit: com.example.demo.service.UserService.save() with result = User{id=6, username='second user', password='$2a$10$WrkG2157YPBH6RY5UBRH6.nouXSrsPTFW5FpqijAlGCoqPWy9eLoW', firstName='null', lastName='null', registrationDate=null, email='null', taskSet=[]}
2020-08-15 00:22:46,285 DEBUG com.example.demo.aspect.LoggingAspect [http-nio-8080-exec-1] Exit: com.example.demo.controller.UserController.saveUser() with result = <201 CREATED Created,User{id=6, username='second user', password='$2a$10$WrkG2157YPBH6RY5UBRH6.nouXSrsPTFW5FpqijAlGCoqPWy9eLoW', firstName='null', lastName='null', registrationDate=null, email='null', taskSet=[]},[]>
2020-08-15 00:27:22,939 INFO org.springframework.boot.StartupInfoLogger [main] Starting DemoApplication on DESKTOP-7GLQTMP with PID 11852 (D:\Projects\Java\demo\target\classes started by yurat in D:\Projects\Java\demo)
2020-08-15 00:27:22,947 DEBUG org.springframework.boot.StartupInfoLogger [main] Running with Spring Boot v2.3.1.RELEASE, Spring v5.2.7.RELEASE
2020-08-15 00:27:22,950 INFO org.springframework.boot.SpringApplication [main] No active profile set, falling back to default profiles: default
2020-08-15 00:27:24,821 INFO org.springframework.data.repository.config.RepositoryConfigurationDelegate [main] Bootstrapping Spring Data JPA repositories in DEFERRED mode.
2020-08-15 00:27:24,894 INFO org.springframework.data.repository.config.RepositoryConfigurationDelegate [main] Finished Spring Data repository scanning in 64ms. Found 4 JPA repository interfaces.
2020-08-15 00:27:25,542 INFO org.springframework.boot.web.embedded.tomcat.TomcatWebServer [main] Tomcat initialized with port(s): 8080 (http)
2020-08-15 00:27:25,550 INFO org.apache.juli.logging.DirectJDKLog [main] Initializing ProtocolHandler ["http-nio-8080"]
2020-08-15 00:27:25,551 INFO org.apache.juli.logging.DirectJDKLog [main] Starting service [Tomcat]
2020-08-15 00:27:25,551 INFO org.apache.juli.logging.DirectJDKLog [main] Starting Servlet engine: [Apache Tomcat/9.0.36]
2020-08-15 00:27:25,716 INFO org.apache.juli.logging.DirectJDKLog [main] Initializing Spring embedded WebApplicationContext
2020-08-15 00:27:25,717 INFO org.springframework.boot.web.servlet.context.ServletWebServerApplicationContext [main] Root WebApplicationContext: initialization completed in 2669 ms
2020-08-15 00:27:25,787 INFO com.zaxxer.hikari.HikariDataSource [main] HikariPool-1 - Starting...
2020-08-15 00:27:26,008 INFO com.zaxxer.hikari.HikariDataSource [main] HikariPool-1 - Start completed.
2020-08-15 00:27:26,014 INFO org.springframework.boot.autoconfigure.h2.H2ConsoleAutoConfiguration [main] H2 console available at '/h2-console'. Database available at 'jdbc:h2:mem:testDb'
2020-08-15 00:27:26,150 DEBUG org.springframework.web.filter.GenericFilterBean [main] Filter 'jwtTokenAuthorizationOncePerRequestFilter' configured for use
2020-08-15 00:27:26,212 INFO org.springframework.scheduling.concurrent.ExecutorConfigurationSupport [main] Initializing ExecutorService 'applicationTaskExecutor'
2020-08-15 00:27:26,224 INFO org.springframework.scheduling.concurrent.ExecutorConfigurationSupport [main] Initializing ExecutorService 'taskScheduler'
2020-08-15 00:27:26,265 INFO org.hibernate.jpa.internal.util.LogHelper [task-1] HHH000204: Processing PersistenceUnitInfo [name: default]
2020-08-15 00:27:26,314 WARN org.springframework.boot.autoconfigure.orm.jpa.JpaBaseConfiguration$JpaWebConfiguration [main] spring.jpa.open-in-view is enabled by default. Therefore, database queries may be performed during view rendering. Explicitly configure spring.jpa.open-in-view to disable this warning
2020-08-15 00:27:26,318 INFO org.hibernate.Version [task-1] HHH000412: Hibernate ORM core version 5.4.17.Final
2020-08-15 00:27:26,479 INFO org.hibernate.annotations.common.reflection.java.JavaReflectionManager [task-1] HCANN000001: Hibernate Commons Annotations {5.1.0.Final}
2020-08-15 00:27:26,488 WARN org.springframework.context.support.AbstractApplicationContext [main] Exception encountered during context initialization - cancelling refresh attempt: org.springframework.beans.factory.UnsatisfiedDependencyException: Error creating bean with name 'kafkaService': Unsatisfied dependency expressed through field 'template'; nested exception is org.springframework.beans.factory.NoSuchBeanDefinitionException: No qualifying bean of type 'org.springframework.kafka.core.KafkaTemplate<java.lang.String, java.lang.String>' available: expected at least 1 bean which qualifies as autowire candidate. Dependency annotations: {@org.springframework.beans.factory.annotation.Autowired(required=true)}
2020-08-15 00:27:26,489 INFO org.springframework.orm.jpa.AbstractEntityManagerFactoryBean [main] Closing JPA EntityManagerFactory for persistence unit 'default'
2020-08-15 00:27:26,587 INFO org.hibernate.dialect.Dialect [task-1] HHH000400: Using dialect: org.hibernate.dialect.H2Dialect
2020-08-15 00:27:27,331 INFO org.hibernate.engine.transaction.jta.platform.internal.JtaPlatformInitiator [task-1] HHH000490: Using JtaPlatform implementation: [org.hibernate.engine.transaction.jta.platform.internal.NoJtaPlatform]
2020-08-15 00:27:27,339 INFO org.springframework.orm.jpa.AbstractEntityManagerFactoryBean [task-1] Initialized JPA EntityManagerFactory for persistence unit 'default'
2020-08-15 00:27:27,340 INFO org.hibernate.tool.schema.internal.SchemaDropperImpl$DelayedDropActionImpl [main] HHH000477: Starting delayed evictData of schema as part of SessionFactory shut-down'
2020-08-15 00:27:27,356 INFO org.springframework.scheduling.concurrent.ExecutorConfigurationSupport [main] Shutting down ExecutorService 'taskScheduler'
2020-08-15 00:27:27,357 INFO org.springframework.scheduling.concurrent.ExecutorConfigurationSupport [main] Shutting down ExecutorService 'applicationTaskExecutor'
2020-08-15 00:27:27,358 INFO com.zaxxer.hikari.HikariDataSource [main] HikariPool-1 - Shutdown initiated...
2020-08-15 00:27:27,364 INFO com.zaxxer.hikari.HikariDataSource [main] HikariPool-1 - Shutdown completed.
2020-08-15 00:27:27,367 INFO org.apache.juli.logging.DirectJDKLog [main] Stopping service [Tomcat]
2020-08-15 00:27:27,380 INFO org.springframework.boot.autoconfigure.logging.ConditionEvaluationReportLoggingListener [main] 

Error starting ApplicationContext. To display the conditions report re-run your application with 'debug' enabled.
2020-08-15 00:27:27,699 ERROR org.springframework.boot.diagnostics.LoggingFailureAnalysisReporter [main] 

***************************
APPLICATION FAILED TO START
***************************

Description:

Field template in com.example.demo.kafka.config.KafkaService required a bean of type 'org.springframework.kafka.core.KafkaTemplate' that could not be found.

The injection point has the following annotations:
	- @org.springframework.beans.factory.annotation.Autowired(required=true)

The following candidates were found but could not be injected:
	- Bean method 'kafkaTemplate' in 'KafkaAutoConfiguration' not loaded because @ConditionalOnMissingBean (types: org.springframework.kafka.core.KafkaTemplate; SearchStrategy: all) found beans of type 'org.springframework.kafka.core.KafkaTemplate' kafkaTemplate


Action:

Consider revisiting the entries above or defining a bean of type 'org.springframework.kafka.core.KafkaTemplate' in your configuration.

